{"/Users/chufei/github/imooc-node-basic/app.js":{"path":"/Users/chufei/github/imooc-node-basic/app.js","s":{"1":1,"2":1,"3":1,"4":1,"5":1,"6":1,"7":1,"8":1,"9":1,"10":1,"11":1,"12":1,"13":1,"14":1,"15":1,"16":1,"17":1,"18":1,"19":4,"20":4,"21":4,"22":4,"23":4,"24":0,"25":0,"26":1,"27":1,"28":1,"29":1,"30":1,"31":1,"32":1,"33":1,"34":1,"35":1,"36":1,"37":1,"38":1,"39":1,"40":1,"41":1,"42":1,"43":1},"b":{"1":[1,1],"2":[4,0],"3":[4,0],"4":[0,0],"5":[1,0]},"f":{"1":1,"2":4},"fnMap":{"1":{"name":"(anonymous_1)","line":18,"loc":{"start":{"line":18,"column":11},"end":{"line":18,"column":26}}},"2":{"name":"(anonymous_2)","line":21,"loc":{"start":{"line":21,"column":13},"end":{"line":21,"column":28}}}},"statementMap":{"1":{"start":{"line":1,"column":0},"end":{"line":1,"column":33}},"2":{"start":{"line":2,"column":0},"end":{"line":2,"column":27}},"3":{"start":{"line":3,"column":0},"end":{"line":3,"column":35}},"4":{"start":{"line":4,"column":0},"end":{"line":4,"column":40}},"5":{"start":{"line":5,"column":0},"end":{"line":5,"column":46}},"6":{"start":{"line":6,"column":0},"end":{"line":6,"column":44}},"7":{"start":{"line":7,"column":0},"end":{"line":7,"column":41}},"8":{"start":{"line":8,"column":0},"end":{"line":8,"column":51}},"9":{"start":{"line":9,"column":0},"end":{"line":9,"column":31}},"10":{"start":{"line":10,"column":0},"end":{"line":10,"column":36}},"11":{"start":{"line":11,"column":0},"end":{"line":11,"column":20}},"12":{"start":{"line":12,"column":0},"end":{"line":12,"column":38}},"13":{"start":{"line":13,"column":0},"end":{"line":13,"column":22}},"14":{"start":{"line":14,"column":0},"end":{"line":14,"column":40}},"15":{"start":{"line":15,"column":0},"end":{"line":15,"column":24}},"16":{"start":{"line":17,"column":0},"end":{"line":17,"column":43}},"17":{"start":{"line":18,"column":0},"end":{"line":34,"column":1}},"18":{"start":{"line":19,"column":2},"end":{"line":33,"column":6}},"19":{"start":{"line":22,"column":6},"end":{"line":22,"column":37}},"20":{"start":{"line":23,"column":6},"end":{"line":23,"column":37}},"21":{"start":{"line":25,"column":6},"end":{"line":32,"column":7}},"22":{"start":{"line":26,"column":8},"end":{"line":28,"column":9}},"23":{"start":{"line":27,"column":10},"end":{"line":27,"column":26}},"24":{"start":{"line":30,"column":11},"end":{"line":32,"column":7}},"25":{"start":{"line":31,"column":8},"end":{"line":31,"column":21}},"26":{"start":{"line":35,"column":0},"end":{"line":35,"column":17}},"27":{"start":{"line":37,"column":0},"end":{"line":37,"column":56}},"28":{"start":{"line":38,"column":0},"end":{"line":38,"column":65}},"29":{"start":{"line":41,"column":0},"end":{"line":41,"column":37}},"30":{"start":{"line":42,"column":0},"end":{"line":42,"column":30}},"31":{"start":{"line":44,"column":0},"end":{"line":44,"column":27}},"32":{"start":{"line":45,"column":0},"end":{"line":45,"column":51}},"33":{"start":{"line":46,"column":0},"end":{"line":46,"column":21}},"34":{"start":{"line":47,"column":0},"end":{"line":47,"column":24}},"35":{"start":{"line":48,"column":0},"end":{"line":57,"column":4}},"36":{"start":{"line":59,"column":0},"end":{"line":64,"column":1}},"37":{"start":{"line":60,"column":4},"end":{"line":60,"column":36}},"38":{"start":{"line":61,"column":4},"end":{"line":61,"column":44}},"39":{"start":{"line":62,"column":4},"end":{"line":62,"column":29}},"40":{"start":{"line":63,"column":4},"end":{"line":63,"column":32}},"41":{"start":{"line":66,"column":0},"end":{"line":66,"column":31}},"42":{"start":{"line":67,"column":0},"end":{"line":67,"column":17}},"43":{"start":{"line":68,"column":0},"end":{"line":68,"column":43}}},"branchMap":{"1":{"line":10,"type":"binary-expr","locations":[{"start":{"line":10,"column":11},"end":{"line":10,"column":27}},{"start":{"line":10,"column":31},"end":{"line":10,"column":35}}]},"2":{"line":25,"type":"if","locations":[{"start":{"line":25,"column":6},"end":{"line":25,"column":6}},{"start":{"line":25,"column":6},"end":{"line":25,"column":6}}]},"3":{"line":26,"type":"if","locations":[{"start":{"line":26,"column":8},"end":{"line":26,"column":8}},{"start":{"line":26,"column":8},"end":{"line":26,"column":8}}]},"4":{"line":30,"type":"if","locations":[{"start":{"line":30,"column":11},"end":{"line":30,"column":11}},{"start":{"line":30,"column":11},"end":{"line":30,"column":11}}]},"5":{"line":59,"type":"if","locations":[{"start":{"line":59,"column":0},"end":{"line":59,"column":0}},{"start":{"line":59,"column":0},"end":{"line":59,"column":0}}]}}},"/Users/chufei/github/imooc-node-basic/app/models/category.js":{"path":"/Users/chufei/github/imooc-node-basic/app/models/category.js","s":{"1":1,"2":1,"3":1,"4":1},"b":{},"f":{},"fnMap":{},"statementMap":{"1":{"start":{"line":1,"column":0},"end":{"line":1,"column":34}},"2":{"start":{"line":2,"column":0},"end":{"line":2,"column":51}},"3":{"start":{"line":3,"column":0},"end":{"line":3,"column":57}},"4":{"start":{"line":5,"column":0},"end":{"line":5,"column":25}}},"branchMap":{}},"/Users/chufei/github/imooc-node-basic/app/schemas/category.js":{"path":"/Users/chufei/github/imooc-node-basic/app/schemas/category.js","s":{"1":1,"2":1,"3":1,"4":1,"5":1,"6":0,"7":0,"8":0,"9":0,"10":1,"11":0,"12":0,"13":1},"b":{"1":[0,0]},"f":{"1":0,"2":0,"3":0},"fnMap":{"1":{"name":"(anonymous_1)","line":21,"loc":{"start":{"line":21,"column":27},"end":{"line":21,"column":42}}},"2":{"name":"(anonymous_2)","line":33,"loc":{"start":{"line":33,"column":9},"end":{"line":33,"column":22}}},"3":{"name":"(anonymous_3)","line":39,"loc":{"start":{"line":39,"column":12},"end":{"line":39,"column":29}}}},"statementMap":{"1":{"start":{"line":1,"column":0},"end":{"line":1,"column":34}},"2":{"start":{"line":2,"column":0},"end":{"line":2,"column":28}},"3":{"start":{"line":3,"column":0},"end":{"line":3,"column":36}},"4":{"start":{"line":5,"column":0},"end":{"line":18,"column":2}},"5":{"start":{"line":21,"column":0},"end":{"line":30,"column":2}},"6":{"start":{"line":22,"column":2},"end":{"line":27,"column":3}},"7":{"start":{"line":23,"column":4},"end":{"line":23,"column":56}},"8":{"start":{"line":26,"column":4},"end":{"line":26,"column":35}},"9":{"start":{"line":29,"column":2},"end":{"line":29,"column":8}},"10":{"start":{"line":32,"column":0},"end":{"line":44,"column":1}},"11":{"start":{"line":34,"column":4},"end":{"line":37,"column":15}},"12":{"start":{"line":40,"column":4},"end":{"line":42,"column":15}},"13":{"start":{"line":46,"column":0},"end":{"line":46,"column":31}}},"branchMap":{"1":{"line":22,"type":"if","locations":[{"start":{"line":22,"column":2},"end":{"line":22,"column":2}},{"start":{"line":22,"column":2},"end":{"line":22,"column":2}}]}}},"/Users/chufei/github/imooc-node-basic/app/models/comment.js":{"path":"/Users/chufei/github/imooc-node-basic/app/models/comment.js","s":{"1":1,"2":1,"3":1,"4":1},"b":{},"f":{},"fnMap":{},"statementMap":{"1":{"start":{"line":1,"column":0},"end":{"line":1,"column":35}},"2":{"start":{"line":2,"column":0},"end":{"line":2,"column":50}},"3":{"start":{"line":3,"column":0},"end":{"line":3,"column":54}},"4":{"start":{"line":5,"column":0},"end":{"line":5,"column":27}}},"branchMap":{}},"/Users/chufei/github/imooc-node-basic/app/schemas/comment.js":{"path":"/Users/chufei/github/imooc-node-basic/app/schemas/comment.js","s":{"1":1,"2":1,"3":1,"4":1,"5":1,"6":0,"7":0,"8":0,"9":0,"10":1,"11":0,"12":0,"13":1},"b":{"1":[0,0]},"f":{"1":0,"2":0,"3":0},"fnMap":{"1":{"name":"(anonymous_1)","line":27,"loc":{"start":{"line":27,"column":26},"end":{"line":27,"column":41}}},"2":{"name":"(anonymous_2)","line":39,"loc":{"start":{"line":39,"column":9},"end":{"line":39,"column":22}}},"3":{"name":"(anonymous_3)","line":45,"loc":{"start":{"line":45,"column":12},"end":{"line":45,"column":29}}}},"statementMap":{"1":{"start":{"line":1,"column":0},"end":{"line":1,"column":34}},"2":{"start":{"line":2,"column":0},"end":{"line":2,"column":28}},"3":{"start":{"line":3,"column":0},"end":{"line":3,"column":36}},"4":{"start":{"line":5,"column":0},"end":{"line":24,"column":2}},"5":{"start":{"line":27,"column":0},"end":{"line":36,"column":2}},"6":{"start":{"line":28,"column":2},"end":{"line":33,"column":3}},"7":{"start":{"line":29,"column":4},"end":{"line":29,"column":56}},"8":{"start":{"line":32,"column":4},"end":{"line":32,"column":35}},"9":{"start":{"line":35,"column":2},"end":{"line":35,"column":8}},"10":{"start":{"line":38,"column":0},"end":{"line":50,"column":1}},"11":{"start":{"line":40,"column":4},"end":{"line":43,"column":15}},"12":{"start":{"line":46,"column":4},"end":{"line":48,"column":15}},"13":{"start":{"line":52,"column":0},"end":{"line":52,"column":30}}},"branchMap":{"1":{"line":28,"type":"if","locations":[{"start":{"line":28,"column":2},"end":{"line":28,"column":2}},{"start":{"line":28,"column":2},"end":{"line":28,"column":2}}]}}},"/Users/chufei/github/imooc-node-basic/app/models/movie.js":{"path":"/Users/chufei/github/imooc-node-basic/app/models/movie.js","s":{"1":1,"2":1,"3":1,"4":1},"b":{},"f":{},"fnMap":{},"statementMap":{"1":{"start":{"line":1,"column":0},"end":{"line":1,"column":35}},"2":{"start":{"line":2,"column":0},"end":{"line":2,"column":46}},"3":{"start":{"line":3,"column":0},"end":{"line":3,"column":48}},"4":{"start":{"line":5,"column":0},"end":{"line":5,"column":25}}},"branchMap":{}},"/Users/chufei/github/imooc-node-basic/app/schemas/movie.js":{"path":"/Users/chufei/github/imooc-node-basic/app/schemas/movie.js","s":{"1":1,"2":1,"3":1,"4":1,"5":1,"6":0,"7":0,"8":0,"9":0,"10":1,"11":0,"12":0,"13":1},"b":{"1":[0,0]},"f":{"1":0,"2":0,"3":0},"fnMap":{"1":{"name":"(anonymous_1)","line":35,"loc":{"start":{"line":35,"column":24},"end":{"line":35,"column":39}}},"2":{"name":"(anonymous_2)","line":47,"loc":{"start":{"line":47,"column":9},"end":{"line":47,"column":22}}},"3":{"name":"(anonymous_3)","line":53,"loc":{"start":{"line":53,"column":12},"end":{"line":53,"column":29}}}},"statementMap":{"1":{"start":{"line":1,"column":0},"end":{"line":1,"column":34}},"2":{"start":{"line":2,"column":0},"end":{"line":2,"column":28}},"3":{"start":{"line":3,"column":0},"end":{"line":3,"column":36}},"4":{"start":{"line":5,"column":0},"end":{"line":32,"column":2}},"5":{"start":{"line":35,"column":0},"end":{"line":44,"column":2}},"6":{"start":{"line":36,"column":2},"end":{"line":41,"column":3}},"7":{"start":{"line":37,"column":4},"end":{"line":37,"column":56}},"8":{"start":{"line":40,"column":4},"end":{"line":40,"column":35}},"9":{"start":{"line":43,"column":2},"end":{"line":43,"column":8}},"10":{"start":{"line":46,"column":0},"end":{"line":58,"column":1}},"11":{"start":{"line":48,"column":4},"end":{"line":51,"column":15}},"12":{"start":{"line":54,"column":4},"end":{"line":56,"column":15}},"13":{"start":{"line":60,"column":0},"end":{"line":60,"column":28}}},"branchMap":{"1":{"line":36,"type":"if","locations":[{"start":{"line":36,"column":2},"end":{"line":36,"column":2}},{"start":{"line":36,"column":2},"end":{"line":36,"column":2}}]}}},"/Users/chufei/github/imooc-node-basic/app/models/user.js":{"path":"/Users/chufei/github/imooc-node-basic/app/models/user.js","s":{"1":1,"2":1,"3":1,"4":1},"b":{},"f":{},"fnMap":{},"statementMap":{"1":{"start":{"line":1,"column":0},"end":{"line":1,"column":35}},"2":{"start":{"line":2,"column":0},"end":{"line":2,"column":44}},"3":{"start":{"line":3,"column":0},"end":{"line":3,"column":45}},"4":{"start":{"line":5,"column":0},"end":{"line":5,"column":24}}},"branchMap":{}},"/Users/chufei/github/imooc-node-basic/app/schemas/user.js":{"path":"/Users/chufei/github/imooc-node-basic/app/schemas/user.js","s":{"1":1,"2":1,"3":1,"4":1,"5":1,"6":5,"7":5,"8":5,"9":0,"10":5,"11":5,"12":0,"13":5,"14":5,"15":0,"16":5,"17":5,"18":1,"19":0,"20":0,"21":0,"22":0,"23":1,"24":0,"25":0,"26":1},"b":{"1":[5,0],"2":[0,5],"3":[0,5],"4":[0,0]},"f":{"1":5,"2":5,"3":5,"4":0,"5":0,"6":0,"7":0},"fnMap":{"1":{"name":"(anonymous_1)","line":32,"loc":{"start":{"line":32,"column":23},"end":{"line":32,"column":38}}},"2":{"name":"(anonymous_2)","line":42,"loc":{"start":{"line":42,"column":35},"end":{"line":42,"column":55}}},"3":{"name":"(anonymous_3)","line":45,"loc":{"start":{"line":45,"column":37},"end":{"line":45,"column":57}}},"4":{"name":"(anonymous_4)","line":55,"loc":{"start":{"line":55,"column":19},"end":{"line":55,"column":43}}},"5":{"name":"(anonymous_5)","line":56,"loc":{"start":{"line":56,"column":45},"end":{"line":56,"column":68}}},"6":{"name":"(anonymous_6)","line":65,"loc":{"start":{"line":65,"column":9},"end":{"line":65,"column":22}}},"7":{"name":"(anonymous_7)","line":71,"loc":{"start":{"line":71,"column":12},"end":{"line":71,"column":29}}}},"statementMap":{"1":{"start":{"line":1,"column":0},"end":{"line":1,"column":34}},"2":{"start":{"line":2,"column":0},"end":{"line":2,"column":30}},"3":{"start":{"line":3,"column":0},"end":{"line":3,"column":25}},"4":{"start":{"line":5,"column":0},"end":{"line":30,"column":2}},"5":{"start":{"line":32,"column":0},"end":{"line":52,"column":2}},"6":{"start":{"line":33,"column":2},"end":{"line":33,"column":17}},"7":{"start":{"line":35,"column":2},"end":{"line":40,"column":3}},"8":{"start":{"line":36,"column":4},"end":{"line":36,"column":56}},"9":{"start":{"line":39,"column":4},"end":{"line":39,"column":35}},"10":{"start":{"line":42,"column":2},"end":{"line":51,"column":4}},"11":{"start":{"line":43,"column":4},"end":{"line":43,"column":29}},"12":{"start":{"line":43,"column":13},"end":{"line":43,"column":29}},"13":{"start":{"line":45,"column":4},"end":{"line":50,"column":6}},"14":{"start":{"line":46,"column":6},"end":{"line":46,"column":31}},"15":{"start":{"line":46,"column":15},"end":{"line":46,"column":31}},"16":{"start":{"line":48,"column":6},"end":{"line":48,"column":26}},"17":{"start":{"line":49,"column":6},"end":{"line":49,"column":12}},"18":{"start":{"line":54,"column":0},"end":{"line":62,"column":1}},"19":{"start":{"line":56,"column":4},"end":{"line":60,"column":6}},"20":{"start":{"line":57,"column":6},"end":{"line":57,"column":29}},"21":{"start":{"line":57,"column":15},"end":{"line":57,"column":29}},"22":{"start":{"line":59,"column":6},"end":{"line":59,"column":23}},"23":{"start":{"line":64,"column":0},"end":{"line":76,"column":1}},"24":{"start":{"line":66,"column":4},"end":{"line":69,"column":15}},"25":{"start":{"line":72,"column":4},"end":{"line":74,"column":15}},"26":{"start":{"line":78,"column":0},"end":{"line":78,"column":27}}},"branchMap":{"1":{"line":35,"type":"if","locations":[{"start":{"line":35,"column":2},"end":{"line":35,"column":2}},{"start":{"line":35,"column":2},"end":{"line":35,"column":2}}]},"2":{"line":43,"type":"if","locations":[{"start":{"line":43,"column":4},"end":{"line":43,"column":4}},{"start":{"line":43,"column":4},"end":{"line":43,"column":4}}]},"3":{"line":46,"type":"if","locations":[{"start":{"line":46,"column":6},"end":{"line":46,"column":6}},{"start":{"line":46,"column":6},"end":{"line":46,"column":6}}]},"4":{"line":57,"type":"if","locations":[{"start":{"line":57,"column":6},"end":{"line":57,"column":6}},{"start":{"line":57,"column":6},"end":{"line":57,"column":6}}]}}},"/Users/chufei/github/imooc-node-basic/config/routes.js":{"path":"/Users/chufei/github/imooc-node-basic/config/routes.js","s":{"1":1,"2":1,"3":1,"4":1,"5":1,"6":1,"7":1,"8":0,"9":0,"10":0,"11":1,"12":1,"13":1,"14":1,"15":1,"16":1,"17":1,"18":1,"19":1,"20":1,"21":1,"22":1,"23":1,"24":1,"25":1,"26":1,"27":1,"28":1},"b":{},"f":{"1":1,"2":0},"fnMap":{"1":{"name":"(anonymous_1)","line":7,"loc":{"start":{"line":7,"column":17},"end":{"line":7,"column":31}}},"2":{"name":"(anonymous_2)","line":9,"loc":{"start":{"line":9,"column":12},"end":{"line":9,"column":37}}}},"statementMap":{"1":{"start":{"line":1,"column":0},"end":{"line":1,"column":48}},"2":{"start":{"line":2,"column":0},"end":{"line":2,"column":46}},"3":{"start":{"line":3,"column":0},"end":{"line":3,"column":48}},"4":{"start":{"line":4,"column":0},"end":{"line":4,"column":52}},"5":{"start":{"line":5,"column":0},"end":{"line":5,"column":53}},"6":{"start":{"line":7,"column":0},"end":{"line":42,"column":1}},"7":{"start":{"line":9,"column":4},"end":{"line":13,"column":7}},"8":{"start":{"line":10,"column":8},"end":{"line":10,"column":37}},"9":{"start":{"line":11,"column":8},"end":{"line":11,"column":31}},"10":{"start":{"line":12,"column":8},"end":{"line":12,"column":14}},"11":{"start":{"line":15,"column":4},"end":{"line":15,"column":30}},"12":{"start":{"line":18,"column":4},"end":{"line":18,"column":42}},"13":{"start":{"line":19,"column":4},"end":{"line":19,"column":42}},"14":{"start":{"line":20,"column":4},"end":{"line":20,"column":40}},"15":{"start":{"line":21,"column":4},"end":{"line":21,"column":40}},"16":{"start":{"line":22,"column":4},"end":{"line":22,"column":36}},"17":{"start":{"line":23,"column":4},"end":{"line":23,"column":84}},"18":{"start":{"line":26,"column":4},"end":{"line":26,"column":40}},"19":{"start":{"line":27,"column":4},"end":{"line":27,"column":85}},"20":{"start":{"line":28,"column":4},"end":{"line":28,"column":94}},"21":{"start":{"line":29,"column":4},"end":{"line":29,"column":99}},"22":{"start":{"line":30,"column":4},"end":{"line":30,"column":86}},"23":{"start":{"line":31,"column":4},"end":{"line":31,"column":91}},"24":{"start":{"line":34,"column":4},"end":{"line":34,"column":64}},"25":{"start":{"line":37,"column":4},"end":{"line":37,"column":89}},"26":{"start":{"line":38,"column":4},"end":{"line":38,"column":87}},"27":{"start":{"line":39,"column":4},"end":{"line":39,"column":91}},"28":{"start":{"line":41,"column":4},"end":{"line":41,"column":37}}},"branchMap":{}},"/Users/chufei/github/imooc-node-basic/app/controllers/index.js":{"path":"/Users/chufei/github/imooc-node-basic/app/controllers/index.js","s":{"1":1,"2":1,"3":1,"4":0,"5":0,"6":0,"7":0,"8":1,"9":0,"10":0,"11":0,"12":0,"13":0,"14":0,"15":0,"16":0,"17":0,"18":0,"19":0,"20":0,"21":0,"22":0,"23":0,"24":0,"25":0,"26":0},"b":{"1":[0,0],"2":[0,0],"3":[0,0],"4":[0,0],"5":[0,0],"6":[0,0],"7":[0,0]},"f":{"1":0,"2":0,"3":0,"4":0,"5":0},"fnMap":{"1":{"name":"(anonymous_1)","line":5,"loc":{"start":{"line":5,"column":16},"end":{"line":5,"column":34}}},"2":{"name":"(anonymous_2)","line":13,"loc":{"start":{"line":13,"column":12},"end":{"line":13,"column":38}}},"3":{"name":"(anonymous_3)","line":26,"loc":{"start":{"line":26,"column":17},"end":{"line":26,"column":36}}},"4":{"name":"(anonymous_4)","line":40,"loc":{"start":{"line":40,"column":12},"end":{"line":40,"column":38}}},"5":{"name":"(anonymous_5)","line":61,"loc":{"start":{"line":61,"column":12},"end":{"line":61,"column":34}}}},"statementMap":{"1":{"start":{"line":1,"column":0},"end":{"line":1,"column":38}},"2":{"start":{"line":2,"column":0},"end":{"line":2,"column":44}},"3":{"start":{"line":5,"column":0},"end":{"line":23,"column":1}},"4":{"start":{"line":6,"column":4},"end":{"line":22,"column":8}},"5":{"start":{"line":14,"column":8},"end":{"line":16,"column":9}},"6":{"start":{"line":15,"column":10},"end":{"line":15,"column":26}},"7":{"start":{"line":18,"column":8},"end":{"line":21,"column":10}},"8":{"start":{"line":26,"column":0},"end":{"line":77,"column":1}},"9":{"start":{"line":27,"column":2},"end":{"line":27,"column":27}},"10":{"start":{"line":28,"column":2},"end":{"line":28,"column":21}},"11":{"start":{"line":29,"column":2},"end":{"line":29,"column":43}},"12":{"start":{"line":30,"column":2},"end":{"line":30,"column":15}},"13":{"start":{"line":31,"column":2},"end":{"line":31,"column":26}},"14":{"start":{"line":33,"column":2},"end":{"line":76,"column":3}},"15":{"start":{"line":34,"column":4},"end":{"line":56,"column":8}},"16":{"start":{"line":41,"column":8},"end":{"line":43,"column":9}},"17":{"start":{"line":42,"column":10},"end":{"line":42,"column":26}},"18":{"start":{"line":44,"column":8},"end":{"line":44,"column":42}},"19":{"start":{"line":45,"column":8},"end":{"line":45,"column":42}},"20":{"start":{"line":46,"column":8},"end":{"line":46,"column":56}},"21":{"start":{"line":48,"column":8},"end":{"line":55,"column":10}},"22":{"start":{"line":59,"column":4},"end":{"line":75,"column":8}},"23":{"start":{"line":62,"column":8},"end":{"line":64,"column":9}},"24":{"start":{"line":63,"column":10},"end":{"line":63,"column":26}},"25":{"start":{"line":65,"column":8},"end":{"line":65,"column":56}},"26":{"start":{"line":67,"column":8},"end":{"line":74,"column":10}}},"branchMap":{"1":{"line":14,"type":"if","locations":[{"start":{"line":14,"column":8},"end":{"line":14,"column":8}},{"start":{"line":14,"column":8},"end":{"line":14,"column":8}}]},"2":{"line":29,"type":"binary-expr","locations":[{"start":{"line":29,"column":13},"end":{"line":29,"column":38}},{"start":{"line":29,"column":42},"end":{"line":29,"column":43}}]},"3":{"line":33,"type":"if","locations":[{"start":{"line":33,"column":2},"end":{"line":33,"column":2}},{"start":{"line":33,"column":2},"end":{"line":33,"column":2}}]},"4":{"line":41,"type":"if","locations":[{"start":{"line":41,"column":8},"end":{"line":41,"column":8}},{"start":{"line":41,"column":8},"end":{"line":41,"column":8}}]},"5":{"line":44,"type":"binary-expr","locations":[{"start":{"line":44,"column":23},"end":{"line":44,"column":36}},{"start":{"line":44,"column":40},"end":{"line":44,"column":42}}]},"6":{"line":45,"type":"binary-expr","locations":[{"start":{"line":45,"column":21},"end":{"line":45,"column":36}},{"start":{"line":45,"column":40},"end":{"line":45,"column":42}}]},"7":{"line":62,"type":"if","locations":[{"start":{"line":62,"column":8},"end":{"line":62,"column":8}},{"start":{"line":62,"column":8},"end":{"line":62,"column":8}}]}}},"/Users/chufei/github/imooc-node-basic/app/controllers/user.js":{"path":"/Users/chufei/github/imooc-node-basic/app/controllers/user.js","s":{"1":1,"2":1,"3":0,"4":1,"5":0,"6":1,"7":0,"8":0,"9":0,"10":0,"11":0,"12":0,"13":0,"14":0,"15":0,"16":0,"17":0,"18":0,"19":1,"20":0,"21":0,"22":0,"23":0,"24":0,"25":0,"26":0,"27":0,"28":0,"29":0,"30":0,"31":0,"32":0,"33":0,"34":0,"35":1,"36":0,"37":0,"38":1,"39":0,"40":0,"41":0,"42":0,"43":1,"44":0,"45":0,"46":0,"47":0,"48":0,"49":1,"50":0,"51":0,"52":0,"53":0},"b":{"1":[0,0],"2":[0,0],"3":[0,0],"4":[0,0],"5":[0,0],"6":[0,0],"7":[0,0],"8":[0,0],"9":[0,0],"10":[0,0]},"f":{"1":0,"2":0,"3":0,"4":0,"5":0,"6":0,"7":0,"8":0,"9":0,"10":0,"11":0,"12":0,"13":0},"fnMap":{"1":{"name":"(anonymous_1)","line":3,"loc":{"start":{"line":3,"column":21},"end":{"line":3,"column":40}}},"2":{"name":"(anonymous_2)","line":9,"loc":{"start":{"line":9,"column":21},"end":{"line":9,"column":40}}},"3":{"name":"(anonymous_3)","line":15,"loc":{"start":{"line":15,"column":17},"end":{"line":15,"column":36}}},"4":{"name":"(anonymous_4)","line":20,"loc":{"start":{"line":20,"column":36},"end":{"line":20,"column":56}}},"5":{"name":"(anonymous_5)","line":30,"loc":{"start":{"line":30,"column":16},"end":{"line":30,"column":36}}},"6":{"name":"(anonymous_6)","line":42,"loc":{"start":{"line":42,"column":17},"end":{"line":42,"column":36}}},"7":{"name":"(anonymous_7)","line":47,"loc":{"start":{"line":47,"column":29},"end":{"line":47,"column":49}}},"8":{"name":"(anonymous_8)","line":56,"loc":{"start":{"line":56,"column":35},"end":{"line":56,"column":58}}},"9":{"name":"(anonymous_9)","line":74,"loc":{"start":{"line":74,"column":18},"end":{"line":74,"column":37}}},"10":{"name":"(anonymous_10)","line":82,"loc":{"start":{"line":82,"column":15},"end":{"line":82,"column":34}}},"11":{"name":"(anonymous_11)","line":83,"loc":{"start":{"line":83,"column":13},"end":{"line":83,"column":34}}},"12":{"name":"(anonymous_12)","line":96,"loc":{"start":{"line":96,"column":25},"end":{"line":96,"column":50}}},"13":{"name":"(anonymous_13)","line":107,"loc":{"start":{"line":107,"column":24},"end":{"line":107,"column":49}}}},"statementMap":{"1":{"start":{"line":1,"column":0},"end":{"line":1,"column":37}},"2":{"start":{"line":3,"column":0},"end":{"line":7,"column":1}},"3":{"start":{"line":4,"column":2},"end":{"line":6,"column":4}},"4":{"start":{"line":9,"column":0},"end":{"line":13,"column":1}},"5":{"start":{"line":10,"column":2},"end":{"line":12,"column":4}},"6":{"start":{"line":15,"column":0},"end":{"line":39,"column":1}},"7":{"start":{"line":16,"column":4},"end":{"line":16,"column":25}},"8":{"start":{"line":18,"column":2},"end":{"line":18,"column":27}},"9":{"start":{"line":20,"column":2},"end":{"line":38,"column":4}},"10":{"start":{"line":21,"column":4},"end":{"line":23,"column":5}},"11":{"start":{"line":22,"column":6},"end":{"line":22,"column":22}},"12":{"start":{"line":25,"column":4},"end":{"line":37,"column":5}},"13":{"start":{"line":26,"column":6},"end":{"line":26,"column":36}},"14":{"start":{"line":29,"column":6},"end":{"line":29,"column":28}},"15":{"start":{"line":30,"column":6},"end":{"line":36,"column":8}},"16":{"start":{"line":31,"column":8},"end":{"line":33,"column":9}},"17":{"start":{"line":32,"column":10},"end":{"line":32,"column":26}},"18":{"start":{"line":35,"column":8},"end":{"line":35,"column":25}},"19":{"start":{"line":42,"column":0},"end":{"line":71,"column":1}},"20":{"start":{"line":43,"column":2},"end":{"line":43,"column":27}},"21":{"start":{"line":44,"column":2},"end":{"line":44,"column":23}},"22":{"start":{"line":45,"column":2},"end":{"line":45,"column":31}},"23":{"start":{"line":47,"column":2},"end":{"line":70,"column":4}},"24":{"start":{"line":48,"column":4},"end":{"line":50,"column":5}},"25":{"start":{"line":49,"column":6},"end":{"line":49,"column":22}},"26":{"start":{"line":52,"column":4},"end":{"line":54,"column":5}},"27":{"start":{"line":53,"column":6},"end":{"line":53,"column":36}},"28":{"start":{"line":56,"column":4},"end":{"line":69,"column":6}},"29":{"start":{"line":57,"column":6},"end":{"line":59,"column":7}},"30":{"start":{"line":58,"column":8},"end":{"line":58,"column":24}},"31":{"start":{"line":61,"column":6},"end":{"line":68,"column":7}},"32":{"start":{"line":62,"column":8},"end":{"line":62,"column":31}},"33":{"start":{"line":64,"column":8},"end":{"line":64,"column":32}},"34":{"start":{"line":67,"column":8},"end":{"line":67,"column":38}},"35":{"start":{"line":74,"column":0},"end":{"line":79,"column":1}},"36":{"start":{"line":75,"column":2},"end":{"line":75,"column":25}},"37":{"start":{"line":78,"column":2},"end":{"line":78,"column":19}},"38":{"start":{"line":82,"column":0},"end":{"line":93,"column":1}},"39":{"start":{"line":83,"column":2},"end":{"line":92,"column":4}},"40":{"start":{"line":84,"column":4},"end":{"line":86,"column":5}},"41":{"start":{"line":85,"column":6},"end":{"line":85,"column":22}},"42":{"start":{"line":88,"column":4},"end":{"line":91,"column":6}},"43":{"start":{"line":96,"column":0},"end":{"line":105,"column":1}},"44":{"start":{"line":97,"column":4},"end":{"line":97,"column":26}},"45":{"start":{"line":98,"column":2},"end":{"line":98,"column":29}},"46":{"start":{"line":100,"column":2},"end":{"line":102,"column":3}},"47":{"start":{"line":101,"column":4},"end":{"line":101,"column":34}},"48":{"start":{"line":104,"column":2},"end":{"line":104,"column":8}},"49":{"start":{"line":107,"column":0},"end":{"line":115,"column":1}},"50":{"start":{"line":108,"column":2},"end":{"line":108,"column":29}},"51":{"start":{"line":110,"column":2},"end":{"line":112,"column":3}},"52":{"start":{"line":111,"column":4},"end":{"line":111,"column":34}},"53":{"start":{"line":114,"column":2},"end":{"line":114,"column":8}}},"branchMap":{"1":{"line":21,"type":"if","locations":[{"start":{"line":21,"column":4},"end":{"line":21,"column":4}},{"start":{"line":21,"column":4},"end":{"line":21,"column":4}}]},"2":{"line":25,"type":"if","locations":[{"start":{"line":25,"column":4},"end":{"line":25,"column":4}},{"start":{"line":25,"column":4},"end":{"line":25,"column":4}}]},"3":{"line":31,"type":"if","locations":[{"start":{"line":31,"column":8},"end":{"line":31,"column":8}},{"start":{"line":31,"column":8},"end":{"line":31,"column":8}}]},"4":{"line":48,"type":"if","locations":[{"start":{"line":48,"column":4},"end":{"line":48,"column":4}},{"start":{"line":48,"column":4},"end":{"line":48,"column":4}}]},"5":{"line":52,"type":"if","locations":[{"start":{"line":52,"column":4},"end":{"line":52,"column":4}},{"start":{"line":52,"column":4},"end":{"line":52,"column":4}}]},"6":{"line":57,"type":"if","locations":[{"start":{"line":57,"column":6},"end":{"line":57,"column":6}},{"start":{"line":57,"column":6},"end":{"line":57,"column":6}}]},"7":{"line":61,"type":"if","locations":[{"start":{"line":61,"column":6},"end":{"line":61,"column":6}},{"start":{"line":61,"column":6},"end":{"line":61,"column":6}}]},"8":{"line":84,"type":"if","locations":[{"start":{"line":84,"column":4},"end":{"line":84,"column":4}},{"start":{"line":84,"column":4},"end":{"line":84,"column":4}}]},"9":{"line":100,"type":"if","locations":[{"start":{"line":100,"column":2},"end":{"line":100,"column":2}},{"start":{"line":100,"column":2},"end":{"line":100,"column":2}}]},"10":{"line":110,"type":"if","locations":[{"start":{"line":110,"column":2},"end":{"line":110,"column":2}},{"start":{"line":110,"column":2},"end":{"line":110,"column":2}}]}}},"/Users/chufei/github/imooc-node-basic/app/controllers/movie.js":{"path":"/Users/chufei/github/imooc-node-basic/app/controllers/movie.js","s":{"1":1,"2":1,"3":1,"4":1,"5":1,"6":1,"7":1,"8":1,"9":0,"10":0,"11":0,"12":0,"13":0,"14":0,"15":0,"16":1,"17":0,"18":0,"19":1,"20":0,"21":0,"22":0,"23":0,"24":0,"25":1,"26":0,"27":0,"28":0,"29":0,"30":0,"31":0,"32":0,"33":0,"34":0,"35":0,"36":0,"37":0,"38":0,"39":1,"40":0,"41":0,"42":0,"43":0,"44":0,"45":0,"46":0,"47":0,"48":0,"49":0,"50":0,"51":0,"52":0,"53":0,"54":0,"55":0,"56":0,"57":0,"58":0,"59":0,"60":0,"61":0,"62":0,"63":0,"64":0,"65":0,"66":0,"67":0,"68":0,"69":0,"70":0,"71":1,"72":0,"73":0,"74":0,"75":0,"76":1,"77":0,"78":0,"79":0,"80":0,"81":0,"82":0},"b":{"1":[0,0],"2":[0,0],"3":[0,0],"4":[0,0],"5":[0,0],"6":[0,0],"7":[0,0],"8":[0,0],"9":[0,0],"10":[0,0],"11":[0,0],"12":[0,0],"13":[0,0]},"f":{"1":0,"2":0,"3":0,"4":0,"5":0,"6":0,"7":0,"8":0,"9":0,"10":0,"11":0,"12":0,"13":0,"14":0,"15":0,"16":0,"17":0,"18":0,"19":0,"20":0,"21":0,"22":0,"23":0,"24":0},"fnMap":{"1":{"name":"(anonymous_1)","line":10,"loc":{"start":{"line":10,"column":17},"end":{"line":10,"column":36}}},"2":{"name":"(anonymous_2)","line":13,"loc":{"start":{"line":13,"column":43},"end":{"line":13,"column":57}}},"3":{"name":"(anonymous_3)","line":19,"loc":{"start":{"line":19,"column":21},"end":{"line":19,"column":42}}},"4":{"name":"(anonymous_4)","line":24,"loc":{"start":{"line":24,"column":12},"end":{"line":24,"column":36}}},"5":{"name":"(anonymous_5)","line":35,"loc":{"start":{"line":35,"column":14},"end":{"line":35,"column":33}}},"6":{"name":"(anonymous_6)","line":36,"loc":{"start":{"line":36,"column":20},"end":{"line":36,"column":46}}},"7":{"name":"(anonymous_7)","line":46,"loc":{"start":{"line":46,"column":17},"end":{"line":46,"column":36}}},"8":{"name":"(anonymous_8)","line":50,"loc":{"start":{"line":50,"column":23},"end":{"line":50,"column":44}}},"9":{"name":"(anonymous_9)","line":51,"loc":{"start":{"line":51,"column":24},"end":{"line":51,"column":50}}},"10":{"name":"(anonymous_10)","line":63,"loc":{"start":{"line":63,"column":21},"end":{"line":63,"column":46}}},"11":{"name":"(anonymous_11)","line":69,"loc":{"start":{"line":69,"column":28},"end":{"line":69,"column":48}}},"12":{"name":"(anonymous_12)","line":75,"loc":{"start":{"line":75,"column":36},"end":{"line":75,"column":50}}},"13":{"name":"(anonymous_13)","line":87,"loc":{"start":{"line":87,"column":15},"end":{"line":87,"column":34}}},"14":{"name":"(anonymous_14)","line":96,"loc":{"start":{"line":96,"column":23},"end":{"line":96,"column":44}}},"15":{"name":"(anonymous_15)","line":102,"loc":{"start":{"line":102,"column":18},"end":{"line":102,"column":39}}},"16":{"name":"(anonymous_16)","line":117,"loc":{"start":{"line":117,"column":16},"end":{"line":117,"column":37}}},"17":{"name":"(anonymous_17)","line":122,"loc":{"start":{"line":122,"column":38},"end":{"line":122,"column":62}}},"18":{"name":"(anonymous_18)","line":125,"loc":{"start":{"line":125,"column":24},"end":{"line":125,"column":48}}},"19":{"name":"(anonymous_19)","line":136,"loc":{"start":{"line":136,"column":22},"end":{"line":136,"column":46}}},"20":{"name":"(anonymous_20)","line":138,"loc":{"start":{"line":138,"column":21},"end":{"line":138,"column":42}}},"21":{"name":"(anonymous_21)","line":148,"loc":{"start":{"line":148,"column":15},"end":{"line":148,"column":34}}},"22":{"name":"(anonymous_22)","line":151,"loc":{"start":{"line":151,"column":10},"end":{"line":151,"column":32}}},"23":{"name":"(anonymous_23)","line":163,"loc":{"start":{"line":163,"column":17},"end":{"line":163,"column":36}}},"24":{"name":"(anonymous_24)","line":167,"loc":{"start":{"line":167,"column":28},"end":{"line":167,"column":49}}}},"statementMap":{"1":{"start":{"line":1,"column":0},"end":{"line":1,"column":34}},"2":{"start":{"line":2,"column":0},"end":{"line":2,"column":38}},"3":{"start":{"line":3,"column":0},"end":{"line":3,"column":44}},"4":{"start":{"line":4,"column":0},"end":{"line":4,"column":42}},"5":{"start":{"line":5,"column":0},"end":{"line":5,"column":29}},"6":{"start":{"line":6,"column":0},"end":{"line":6,"column":22}},"7":{"start":{"line":7,"column":0},"end":{"line":7,"column":26}},"8":{"start":{"line":10,"column":0},"end":{"line":32,"column":1}},"9":{"start":{"line":11,"column":2},"end":{"line":11,"column":24}},"10":{"start":{"line":13,"column":2},"end":{"line":17,"column":4}},"11":{"start":{"line":14,"column":4},"end":{"line":16,"column":5}},"12":{"start":{"line":15,"column":6},"end":{"line":15,"column":22}},"13":{"start":{"line":19,"column":2},"end":{"line":31,"column":4}},"14":{"start":{"line":20,"column":4},"end":{"line":30,"column":8}},"15":{"start":{"line":25,"column":8},"end":{"line":29,"column":10}},"16":{"start":{"line":35,"column":0},"end":{"line":43,"column":1}},"17":{"start":{"line":36,"column":2},"end":{"line":42,"column":4}},"18":{"start":{"line":37,"column":4},"end":{"line":41,"column":6}},"19":{"start":{"line":46,"column":0},"end":{"line":60,"column":1}},"20":{"start":{"line":47,"column":2},"end":{"line":47,"column":24}},"21":{"start":{"line":49,"column":2},"end":{"line":59,"column":3}},"22":{"start":{"line":50,"column":4},"end":{"line":58,"column":6}},"23":{"start":{"line":51,"column":6},"end":{"line":57,"column":8}},"24":{"start":{"line":52,"column":8},"end":{"line":56,"column":10}},"25":{"start":{"line":63,"column":0},"end":{"line":84,"column":1}},"26":{"start":{"line":64,"column":4},"end":{"line":64,"column":43}},"27":{"start":{"line":65,"column":4},"end":{"line":65,"column":34}},"28":{"start":{"line":66,"column":4},"end":{"line":66,"column":54}},"29":{"start":{"line":68,"column":4},"end":{"line":83,"column":5}},"30":{"start":{"line":69,"column":6},"end":{"line":79,"column":8}},"31":{"start":{"line":70,"column":8},"end":{"line":70,"column":34}},"32":{"start":{"line":71,"column":8},"end":{"line":71,"column":48}},"33":{"start":{"line":72,"column":8},"end":{"line":72,"column":43}},"34":{"start":{"line":73,"column":8},"end":{"line":73,"column":80}},"35":{"start":{"line":75,"column":8},"end":{"line":78,"column":10}},"36":{"start":{"line":76,"column":10},"end":{"line":76,"column":29}},"37":{"start":{"line":77,"column":10},"end":{"line":77,"column":16}},"38":{"start":{"line":82,"column":6},"end":{"line":82,"column":12}},"39":{"start":{"line":87,"column":0},"end":{"line":145,"column":1}},"40":{"start":{"line":88,"column":2},"end":{"line":88,"column":29}},"41":{"start":{"line":89,"column":2},"end":{"line":89,"column":31}},"42":{"start":{"line":90,"column":2},"end":{"line":90,"column":12}},"43":{"start":{"line":91,"column":2},"end":{"line":93,"column":3}},"44":{"start":{"line":92,"column":4},"end":{"line":92,"column":32}},"45":{"start":{"line":95,"column":2},"end":{"line":144,"column":3}},"46":{"start":{"line":96,"column":4},"end":{"line":109,"column":6}},"47":{"start":{"line":97,"column":6},"end":{"line":99,"column":7}},"48":{"start":{"line":98,"column":8},"end":{"line":98,"column":24}},"49":{"start":{"line":101,"column":6},"end":{"line":101,"column":40}},"50":{"start":{"line":102,"column":6},"end":{"line":108,"column":8}},"51":{"start":{"line":103,"column":8},"end":{"line":105,"column":9}},"52":{"start":{"line":104,"column":10},"end":{"line":104,"column":26}},"53":{"start":{"line":107,"column":8},"end":{"line":107,"column":43}},"54":{"start":{"line":112,"column":4},"end":{"line":112,"column":32}},"55":{"start":{"line":114,"column":4},"end":{"line":114,"column":38}},"56":{"start":{"line":115,"column":4},"end":{"line":115,"column":44}},"57":{"start":{"line":117,"column":4},"end":{"line":143,"column":6}},"58":{"start":{"line":118,"column":6},"end":{"line":120,"column":7}},"59":{"start":{"line":119,"column":8},"end":{"line":119,"column":24}},"60":{"start":{"line":121,"column":6},"end":{"line":142,"column":7}},"61":{"start":{"line":122,"column":8},"end":{"line":128,"column":10}},"62":{"start":{"line":123,"column":10},"end":{"line":123,"column":41}},"63":{"start":{"line":125,"column":10},"end":{"line":127,"column":12}},"64":{"start":{"line":126,"column":12},"end":{"line":126,"column":47}},"65":{"start":{"line":130,"column":11},"end":{"line":142,"column":7}},"66":{"start":{"line":131,"column":8},"end":{"line":134,"column":10}},"67":{"start":{"line":136,"column":8},"end":{"line":141,"column":10}},"68":{"start":{"line":137,"column":10},"end":{"line":137,"column":39}},"69":{"start":{"line":138,"column":10},"end":{"line":140,"column":12}},"70":{"start":{"line":139,"column":12},"end":{"line":139,"column":47}},"71":{"start":{"line":148,"column":0},"end":{"line":160,"column":1}},"72":{"start":{"line":149,"column":2},"end":{"line":159,"column":6}},"73":{"start":{"line":152,"column":6},"end":{"line":154,"column":7}},"74":{"start":{"line":153,"column":8},"end":{"line":153,"column":24}},"75":{"start":{"line":155,"column":6},"end":{"line":158,"column":8}},"76":{"start":{"line":163,"column":0},"end":{"line":177,"column":1}},"77":{"start":{"line":164,"column":2},"end":{"line":164,"column":23}},"78":{"start":{"line":166,"column":2},"end":{"line":176,"column":3}},"79":{"start":{"line":167,"column":4},"end":{"line":175,"column":6}},"80":{"start":{"line":168,"column":6},"end":{"line":174,"column":7}},"81":{"start":{"line":170,"column":8},"end":{"line":170,"column":30}},"82":{"start":{"line":173,"column":8},"end":{"line":173,"column":30}}},"branchMap":{"1":{"line":14,"type":"if","locations":[{"start":{"line":14,"column":4},"end":{"line":14,"column":4}},{"start":{"line":14,"column":4},"end":{"line":14,"column":4}}]},"2":{"line":49,"type":"if","locations":[{"start":{"line":49,"column":2},"end":{"line":49,"column":2}},{"start":{"line":49,"column":2},"end":{"line":49,"column":2}}]},"3":{"line":68,"type":"if","locations":[{"start":{"line":68,"column":4},"end":{"line":68,"column":4}},{"start":{"line":68,"column":4},"end":{"line":68,"column":4}}]},"4":{"line":91,"type":"if","locations":[{"start":{"line":91,"column":2},"end":{"line":91,"column":2}},{"start":{"line":91,"column":2},"end":{"line":91,"column":2}}]},"5":{"line":95,"type":"if","locations":[{"start":{"line":95,"column":2},"end":{"line":95,"column":2}},{"start":{"line":95,"column":2},"end":{"line":95,"column":2}}]},"6":{"line":97,"type":"if","locations":[{"start":{"line":97,"column":6},"end":{"line":97,"column":6}},{"start":{"line":97,"column":6},"end":{"line":97,"column":6}}]},"7":{"line":103,"type":"if","locations":[{"start":{"line":103,"column":8},"end":{"line":103,"column":8}},{"start":{"line":103,"column":8},"end":{"line":103,"column":8}}]},"8":{"line":118,"type":"if","locations":[{"start":{"line":118,"column":6},"end":{"line":118,"column":6}},{"start":{"line":118,"column":6},"end":{"line":118,"column":6}}]},"9":{"line":121,"type":"if","locations":[{"start":{"line":121,"column":6},"end":{"line":121,"column":6}},{"start":{"line":121,"column":6},"end":{"line":121,"column":6}}]},"10":{"line":130,"type":"if","locations":[{"start":{"line":130,"column":11},"end":{"line":130,"column":11}},{"start":{"line":130,"column":11},"end":{"line":130,"column":11}}]},"11":{"line":152,"type":"if","locations":[{"start":{"line":152,"column":6},"end":{"line":152,"column":6}},{"start":{"line":152,"column":6},"end":{"line":152,"column":6}}]},"12":{"line":166,"type":"if","locations":[{"start":{"line":166,"column":2},"end":{"line":166,"column":2}},{"start":{"line":166,"column":2},"end":{"line":166,"column":2}}]},"13":{"line":168,"type":"if","locations":[{"start":{"line":168,"column":6},"end":{"line":168,"column":6}},{"start":{"line":168,"column":6},"end":{"line":168,"column":6}}]}}},"/Users/chufei/github/imooc-node-basic/app/controllers/comment.js":{"path":"/Users/chufei/github/imooc-node-basic/app/controllers/comment.js","s":{"1":1,"2":1,"3":1,"4":0,"5":0,"6":0,"7":0,"8":0,"9":0,"10":0,"11":0,"12":0,"13":0,"14":0,"15":0,"16":0,"17":0,"18":0},"b":{"1":[0,0],"2":[0,0],"3":[0,0]},"f":{"1":0,"2":0,"3":0,"4":0},"fnMap":{"1":{"name":"(anonymous_1)","line":5,"loc":{"start":{"line":5,"column":15},"end":{"line":5,"column":34}}},"2":{"name":"(anonymous_2)","line":10,"loc":{"start":{"line":10,"column":35},"end":{"line":10,"column":58}}},"3":{"name":"(anonymous_3)","line":19,"loc":{"start":{"line":19,"column":19},"end":{"line":19,"column":42}}},"4":{"name":"(anonymous_4)","line":31,"loc":{"start":{"line":31,"column":17},"end":{"line":31,"column":40}}}},"statementMap":{"1":{"start":{"line":1,"column":0},"end":{"line":1,"column":34}},"2":{"start":{"line":2,"column":0},"end":{"line":2,"column":42}},"3":{"start":{"line":5,"column":0},"end":{"line":39,"column":1}},"4":{"start":{"line":6,"column":2},"end":{"line":6,"column":33}},"5":{"start":{"line":7,"column":2},"end":{"line":7,"column":30}},"6":{"start":{"line":9,"column":2},"end":{"line":38,"column":3}},"7":{"start":{"line":10,"column":4},"end":{"line":26,"column":6}},"8":{"start":{"line":11,"column":6},"end":{"line":15,"column":7}},"9":{"start":{"line":17,"column":6},"end":{"line":17,"column":31}},"10":{"start":{"line":19,"column":6},"end":{"line":25,"column":8}},"11":{"start":{"line":20,"column":8},"end":{"line":22,"column":9}},"12":{"start":{"line":21,"column":10},"end":{"line":21,"column":26}},"13":{"start":{"line":24,"column":8},"end":{"line":24,"column":41}},"14":{"start":{"line":29,"column":4},"end":{"line":29,"column":39}},"15":{"start":{"line":31,"column":4},"end":{"line":37,"column":6}},"16":{"start":{"line":32,"column":6},"end":{"line":34,"column":7}},"17":{"start":{"line":33,"column":8},"end":{"line":33,"column":24}},"18":{"start":{"line":36,"column":6},"end":{"line":36,"column":39}}},"branchMap":{"1":{"line":9,"type":"if","locations":[{"start":{"line":9,"column":2},"end":{"line":9,"column":2}},{"start":{"line":9,"column":2},"end":{"line":9,"column":2}}]},"2":{"line":20,"type":"if","locations":[{"start":{"line":20,"column":8},"end":{"line":20,"column":8}},{"start":{"line":20,"column":8},"end":{"line":20,"column":8}}]},"3":{"line":32,"type":"if","locations":[{"start":{"line":32,"column":6},"end":{"line":32,"column":6}},{"start":{"line":32,"column":6},"end":{"line":32,"column":6}}]}}},"/Users/chufei/github/imooc-node-basic/app/controllers/category.js":{"path":"/Users/chufei/github/imooc-node-basic/app/controllers/category.js","s":{"1":1,"2":1,"3":1,"4":0,"5":1,"6":0,"7":0,"8":0,"9":0,"10":0,"11":0,"12":1,"13":0,"14":0,"15":0,"16":0},"b":{"1":[0,0],"2":[0,0]},"f":{"1":0,"2":0,"3":0,"4":0,"5":0},"fnMap":{"1":{"name":"(anonymous_1)","line":5,"loc":{"start":{"line":5,"column":14},"end":{"line":5,"column":33}}},"2":{"name":"(anonymous_2)","line":13,"loc":{"start":{"line":13,"column":15},"end":{"line":13,"column":34}}},"3":{"name":"(anonymous_3)","line":17,"loc":{"start":{"line":17,"column":16},"end":{"line":17,"column":40}}},"4":{"name":"(anonymous_4)","line":27,"loc":{"start":{"line":27,"column":15},"end":{"line":27,"column":34}}},"5":{"name":"(anonymous_5)","line":28,"loc":{"start":{"line":28,"column":17},"end":{"line":28,"column":43}}}},"statementMap":{"1":{"start":{"line":1,"column":0},"end":{"line":1,"column":34}},"2":{"start":{"line":2,"column":0},"end":{"line":2,"column":44}},"3":{"start":{"line":5,"column":0},"end":{"line":10,"column":1}},"4":{"start":{"line":6,"column":2},"end":{"line":9,"column":4}},"5":{"start":{"line":13,"column":0},"end":{"line":24,"column":1}},"6":{"start":{"line":14,"column":2},"end":{"line":14,"column":35}},"7":{"start":{"line":15,"column":2},"end":{"line":15,"column":40}},"8":{"start":{"line":17,"column":2},"end":{"line":23,"column":4}},"9":{"start":{"line":18,"column":4},"end":{"line":20,"column":5}},"10":{"start":{"line":19,"column":6},"end":{"line":19,"column":22}},"11":{"start":{"line":22,"column":4},"end":{"line":22,"column":40}},"12":{"start":{"line":27,"column":0},"end":{"line":37,"column":1}},"13":{"start":{"line":28,"column":2},"end":{"line":36,"column":4}},"14":{"start":{"line":29,"column":4},"end":{"line":31,"column":5}},"15":{"start":{"line":30,"column":6},"end":{"line":30,"column":22}},"16":{"start":{"line":32,"column":4},"end":{"line":35,"column":6}}},"branchMap":{"1":{"line":18,"type":"if","locations":[{"start":{"line":18,"column":4},"end":{"line":18,"column":4}},{"start":{"line":18,"column":4},"end":{"line":18,"column":4}}]},"2":{"line":29,"type":"if","locations":[{"start":{"line":29,"column":4},"end":{"line":29,"column":4}},{"start":{"line":29,"column":4},"end":{"line":29,"column":4}}]}}}}