TN:
SF:/Users/chufei/github/imooc-node-basic/app.js
FN:18,(anonymous_1)
FN:21,(anonymous_2)
FNF:2
FNH:2
FNDA:1,(anonymous_1)
FNDA:4,(anonymous_2)
DA:1,1
DA:2,1
DA:3,1
DA:4,1
DA:5,1
DA:6,1
DA:7,1
DA:8,1
DA:9,1
DA:10,1
DA:11,1
DA:12,1
DA:13,1
DA:14,1
DA:15,1
DA:17,1
DA:18,1
DA:19,1
DA:22,4
DA:23,4
DA:25,4
DA:26,4
DA:27,4
DA:30,0
DA:31,0
DA:35,1
DA:37,1
DA:38,1
DA:41,1
DA:42,1
DA:44,1
DA:45,1
DA:46,1
DA:47,1
DA:48,1
DA:59,1
DA:60,1
DA:61,1
DA:62,1
DA:63,1
DA:66,1
DA:67,1
DA:68,1
LF:43
LH:41
BRDA:10,1,0,1
BRDA:10,1,1,1
BRDA:25,2,0,4
BRDA:25,2,1,0
BRDA:26,3,0,4
BRDA:26,3,1,0
BRDA:30,4,0,0
BRDA:30,4,1,0
BRDA:59,5,0,1
BRDA:59,5,1,0
BRF:10
BRH:5
end_of_record
TN:
SF:/Users/chufei/github/imooc-node-basic/app/models/category.js
FNF:0
FNH:0
DA:1,1
DA:2,1
DA:3,1
DA:5,1
LF:4
LH:4
BRF:0
BRH:0
end_of_record
TN:
SF:/Users/chufei/github/imooc-node-basic/app/schemas/category.js
FN:21,(anonymous_1)
FN:33,(anonymous_2)
FN:39,(anonymous_3)
FNF:3
FNH:0
FNDA:0,(anonymous_1)
FNDA:0,(anonymous_2)
FNDA:0,(anonymous_3)
DA:1,1
DA:2,1
DA:3,1
DA:5,1
DA:21,1
DA:22,0
DA:23,0
DA:26,0
DA:29,0
DA:32,1
DA:34,0
DA:40,0
DA:46,1
LF:13
LH:7
BRDA:22,1,0,0
BRDA:22,1,1,0
BRF:2
BRH:0
end_of_record
TN:
SF:/Users/chufei/github/imooc-node-basic/app/models/comment.js
FNF:0
FNH:0
DA:1,1
DA:2,1
DA:3,1
DA:5,1
LF:4
LH:4
BRF:0
BRH:0
end_of_record
TN:
SF:/Users/chufei/github/imooc-node-basic/app/schemas/comment.js
FN:27,(anonymous_1)
FN:39,(anonymous_2)
FN:45,(anonymous_3)
FNF:3
FNH:0
FNDA:0,(anonymous_1)
FNDA:0,(anonymous_2)
FNDA:0,(anonymous_3)
DA:1,1
DA:2,1
DA:3,1
DA:5,1
DA:27,1
DA:28,0
DA:29,0
DA:32,0
DA:35,0
DA:38,1
DA:40,0
DA:46,0
DA:52,1
LF:13
LH:7
BRDA:28,1,0,0
BRDA:28,1,1,0
BRF:2
BRH:0
end_of_record
TN:
SF:/Users/chufei/github/imooc-node-basic/app/models/movie.js
FNF:0
FNH:0
DA:1,1
DA:2,1
DA:3,1
DA:5,1
LF:4
LH:4
BRF:0
BRH:0
end_of_record
TN:
SF:/Users/chufei/github/imooc-node-basic/app/schemas/movie.js
FN:35,(anonymous_1)
FN:47,(anonymous_2)
FN:53,(anonymous_3)
FNF:3
FNH:0
FNDA:0,(anonymous_1)
FNDA:0,(anonymous_2)
FNDA:0,(anonymous_3)
DA:1,1
DA:2,1
DA:3,1
DA:5,1
DA:35,1
DA:36,0
DA:37,0
DA:40,0
DA:43,0
DA:46,1
DA:48,0
DA:54,0
DA:60,1
LF:13
LH:7
BRDA:36,1,0,0
BRDA:36,1,1,0
BRF:2
BRH:0
end_of_record
TN:
SF:/Users/chufei/github/imooc-node-basic/app/models/user.js
FNF:0
FNH:0
DA:1,1
DA:2,1
DA:3,1
DA:5,1
LF:4
LH:4
BRF:0
BRH:0
end_of_record
TN:
SF:/Users/chufei/github/imooc-node-basic/app/schemas/user.js
FN:32,(anonymous_1)
FN:42,(anonymous_2)
FN:45,(anonymous_3)
FN:55,(anonymous_4)
FN:56,(anonymous_5)
FN:65,(anonymous_6)
FN:71,(anonymous_7)
FNF:7
FNH:3
FNDA:5,(anonymous_1)
FNDA:5,(anonymous_2)
FNDA:5,(anonymous_3)
FNDA:0,(anonymous_4)
FNDA:0,(anonymous_5)
FNDA:0,(anonymous_6)
FNDA:0,(anonymous_7)
DA:1,1
DA:2,1
DA:3,1
DA:5,1
DA:32,1
DA:33,5
DA:35,5
DA:36,5
DA:39,0
DA:42,5
DA:43,5
DA:45,5
DA:46,5
DA:48,5
DA:49,5
DA:54,1
DA:56,0
DA:57,0
DA:59,0
DA:64,1
DA:66,0
DA:72,0
DA:78,1
LF:23
LH:17
BRDA:35,1,0,5
BRDA:35,1,1,0
BRDA:43,2,0,0
BRDA:43,2,1,5
BRDA:46,3,0,0
BRDA:46,3,1,5
BRDA:57,4,0,0
BRDA:57,4,1,0
BRF:8
BRH:3
end_of_record
TN:
SF:/Users/chufei/github/imooc-node-basic/config/routes.js
FN:7,(anonymous_1)
FN:9,(anonymous_2)
FNF:2
FNH:1
FNDA:1,(anonymous_1)
FNDA:0,(anonymous_2)
DA:1,1
DA:2,1
DA:3,1
DA:4,1
DA:5,1
DA:7,1
DA:9,1
DA:10,0
DA:11,0
DA:12,0
DA:15,1
DA:18,1
DA:19,1
DA:20,1
DA:21,1
DA:22,1
DA:23,1
DA:26,1
DA:27,1
DA:28,1
DA:29,1
DA:30,1
DA:31,1
DA:34,1
DA:37,1
DA:38,1
DA:39,1
DA:41,1
LF:28
LH:25
BRF:0
BRH:0
end_of_record
TN:
SF:/Users/chufei/github/imooc-node-basic/app/controllers/index.js
FN:5,(anonymous_1)
FN:13,(anonymous_2)
FN:26,(anonymous_3)
FN:40,(anonymous_4)
FN:61,(anonymous_5)
FNF:5
FNH:0
FNDA:0,(anonymous_1)
FNDA:0,(anonymous_2)
FNDA:0,(anonymous_3)
FNDA:0,(anonymous_4)
FNDA:0,(anonymous_5)
DA:1,1
DA:2,1
DA:5,1
DA:6,0
DA:14,0
DA:15,0
DA:18,0
DA:26,1
DA:27,0
DA:28,0
DA:29,0
DA:30,0
DA:31,0
DA:33,0
DA:34,0
DA:41,0
DA:42,0
DA:44,0
DA:45,0
DA:46,0
DA:48,0
DA:59,0
DA:62,0
DA:63,0
DA:65,0
DA:67,0
LF:26
LH:4
BRDA:14,1,0,0
BRDA:14,1,1,0
BRDA:29,2,0,0
BRDA:29,2,1,0
BRDA:33,3,0,0
BRDA:33,3,1,0
BRDA:41,4,0,0
BRDA:41,4,1,0
BRDA:44,5,0,0
BRDA:44,5,1,0
BRDA:45,6,0,0
BRDA:45,6,1,0
BRDA:62,7,0,0
BRDA:62,7,1,0
BRF:14
BRH:0
end_of_record
TN:
SF:/Users/chufei/github/imooc-node-basic/app/controllers/user.js
FN:3,(anonymous_1)
FN:9,(anonymous_2)
FN:15,(anonymous_3)
FN:20,(anonymous_4)
FN:30,(anonymous_5)
FN:42,(anonymous_6)
FN:47,(anonymous_7)
FN:56,(anonymous_8)
FN:74,(anonymous_9)
FN:82,(anonymous_10)
FN:83,(anonymous_11)
FN:96,(anonymous_12)
FN:107,(anonymous_13)
FNF:13
FNH:0
FNDA:0,(anonymous_1)
FNDA:0,(anonymous_2)
FNDA:0,(anonymous_3)
FNDA:0,(anonymous_4)
FNDA:0,(anonymous_5)
FNDA:0,(anonymous_6)
FNDA:0,(anonymous_7)
FNDA:0,(anonymous_8)
FNDA:0,(anonymous_9)
FNDA:0,(anonymous_10)
FNDA:0,(anonymous_11)
FNDA:0,(anonymous_12)
FNDA:0,(anonymous_13)
DA:1,1
DA:3,1
DA:4,0
DA:9,1
DA:10,0
DA:15,1
DA:16,0
DA:18,0
DA:20,0
DA:21,0
DA:22,0
DA:25,0
DA:26,0
DA:29,0
DA:30,0
DA:31,0
DA:32,0
DA:35,0
DA:42,1
DA:43,0
DA:44,0
DA:45,0
DA:47,0
DA:48,0
DA:49,0
DA:52,0
DA:53,0
DA:56,0
DA:57,0
DA:58,0
DA:61,0
DA:62,0
DA:64,0
DA:67,0
DA:74,1
DA:75,0
DA:78,0
DA:82,1
DA:83,0
DA:84,0
DA:85,0
DA:88,0
DA:96,1
DA:97,0
DA:98,0
DA:100,0
DA:101,0
DA:104,0
DA:107,1
DA:108,0
DA:110,0
DA:111,0
DA:114,0
LF:53
LH:9
BRDA:21,1,0,0
BRDA:21,1,1,0
BRDA:25,2,0,0
BRDA:25,2,1,0
BRDA:31,3,0,0
BRDA:31,3,1,0
BRDA:48,4,0,0
BRDA:48,4,1,0
BRDA:52,5,0,0
BRDA:52,5,1,0
BRDA:57,6,0,0
BRDA:57,6,1,0
BRDA:61,7,0,0
BRDA:61,7,1,0
BRDA:84,8,0,0
BRDA:84,8,1,0
BRDA:100,9,0,0
BRDA:100,9,1,0
BRDA:110,10,0,0
BRDA:110,10,1,0
BRF:20
BRH:0
end_of_record
TN:
SF:/Users/chufei/github/imooc-node-basic/app/controllers/movie.js
FN:10,(anonymous_1)
FN:13,(anonymous_2)
FN:19,(anonymous_3)
FN:24,(anonymous_4)
FN:35,(anonymous_5)
FN:36,(anonymous_6)
FN:46,(anonymous_7)
FN:50,(anonymous_8)
FN:51,(anonymous_9)
FN:63,(anonymous_10)
FN:69,(anonymous_11)
FN:75,(anonymous_12)
FN:87,(anonymous_13)
FN:96,(anonymous_14)
FN:102,(anonymous_15)
FN:117,(anonymous_16)
FN:122,(anonymous_17)
FN:125,(anonymous_18)
FN:136,(anonymous_19)
FN:138,(anonymous_20)
FN:148,(anonymous_21)
FN:151,(anonymous_22)
FN:163,(anonymous_23)
FN:167,(anonymous_24)
FNF:24
FNH:0
FNDA:0,(anonymous_1)
FNDA:0,(anonymous_2)
FNDA:0,(anonymous_3)
FNDA:0,(anonymous_4)
FNDA:0,(anonymous_5)
FNDA:0,(anonymous_6)
FNDA:0,(anonymous_7)
FNDA:0,(anonymous_8)
FNDA:0,(anonymous_9)
FNDA:0,(anonymous_10)
FNDA:0,(anonymous_11)
FNDA:0,(anonymous_12)
FNDA:0,(anonymous_13)
FNDA:0,(anonymous_14)
FNDA:0,(anonymous_15)
FNDA:0,(anonymous_16)
FNDA:0,(anonymous_17)
FNDA:0,(anonymous_18)
FNDA:0,(anonymous_19)
FNDA:0,(anonymous_20)
FNDA:0,(anonymous_21)
FNDA:0,(anonymous_22)
FNDA:0,(anonymous_23)
FNDA:0,(anonymous_24)
DA:1,1
DA:2,1
DA:3,1
DA:4,1
DA:5,1
DA:6,1
DA:7,1
DA:10,1
DA:11,0
DA:13,0
DA:14,0
DA:15,0
DA:19,0
DA:20,0
DA:25,0
DA:35,1
DA:36,0
DA:37,0
DA:46,1
DA:47,0
DA:49,0
DA:50,0
DA:51,0
DA:52,0
DA:63,1
DA:64,0
DA:65,0
DA:66,0
DA:68,0
DA:69,0
DA:70,0
DA:71,0
DA:72,0
DA:73,0
DA:75,0
DA:76,0
DA:77,0
DA:82,0
DA:87,1
DA:88,0
DA:89,0
DA:90,0
DA:91,0
DA:92,0
DA:95,0
DA:96,0
DA:97,0
DA:98,0
DA:101,0
DA:102,0
DA:103,0
DA:104,0
DA:107,0
DA:112,0
DA:114,0
DA:115,0
DA:117,0
DA:118,0
DA:119,0
DA:121,0
DA:122,0
DA:123,0
DA:125,0
DA:126,0
DA:130,0
DA:131,0
DA:136,0
DA:137,0
DA:138,0
DA:139,0
DA:148,1
DA:149,0
DA:152,0
DA:153,0
DA:155,0
DA:163,1
DA:164,0
DA:166,0
DA:167,0
DA:168,0
DA:170,0
DA:173,0
LF:82
LH:14
BRDA:14,1,0,0
BRDA:14,1,1,0
BRDA:49,2,0,0
BRDA:49,2,1,0
BRDA:68,3,0,0
BRDA:68,3,1,0
BRDA:91,4,0,0
BRDA:91,4,1,0
BRDA:95,5,0,0
BRDA:95,5,1,0
BRDA:97,6,0,0
BRDA:97,6,1,0
BRDA:103,7,0,0
BRDA:103,7,1,0
BRDA:118,8,0,0
BRDA:118,8,1,0
BRDA:121,9,0,0
BRDA:121,9,1,0
BRDA:130,10,0,0
BRDA:130,10,1,0
BRDA:152,11,0,0
BRDA:152,11,1,0
BRDA:166,12,0,0
BRDA:166,12,1,0
BRDA:168,13,0,0
BRDA:168,13,1,0
BRF:26
BRH:0
end_of_record
TN:
SF:/Users/chufei/github/imooc-node-basic/app/controllers/comment.js
FN:5,(anonymous_1)
FN:10,(anonymous_2)
FN:19,(anonymous_3)
FN:31,(anonymous_4)
FNF:4
FNH:0
FNDA:0,(anonymous_1)
FNDA:0,(anonymous_2)
FNDA:0,(anonymous_3)
FNDA:0,(anonymous_4)
DA:1,1
DA:2,1
DA:5,1
DA:6,0
DA:7,0
DA:9,0
DA:10,0
DA:11,0
DA:17,0
DA:19,0
DA:20,0
DA:21,0
DA:24,0
DA:29,0
DA:31,0
DA:32,0
DA:33,0
DA:36,0
LF:18
LH:3
BRDA:9,1,0,0
BRDA:9,1,1,0
BRDA:20,2,0,0
BRDA:20,2,1,0
BRDA:32,3,0,0
BRDA:32,3,1,0
BRF:6
BRH:0
end_of_record
TN:
SF:/Users/chufei/github/imooc-node-basic/app/controllers/category.js
FN:5,(anonymous_1)
FN:13,(anonymous_2)
FN:17,(anonymous_3)
FN:27,(anonymous_4)
FN:28,(anonymous_5)
FNF:5
FNH:0
FNDA:0,(anonymous_1)
FNDA:0,(anonymous_2)
FNDA:0,(anonymous_3)
FNDA:0,(anonymous_4)
FNDA:0,(anonymous_5)
DA:1,1
DA:2,1
DA:5,1
DA:6,0
DA:13,1
DA:14,0
DA:15,0
DA:17,0
DA:18,0
DA:19,0
DA:22,0
DA:27,1
DA:28,0
DA:29,0
DA:30,0
DA:32,0
LF:16
LH:5
BRDA:18,1,0,0
BRDA:18,1,1,0
BRDA:29,2,0,0
BRDA:29,2,1,0
BRF:4
BRH:0
end_of_record
